Getting data from: https://www.googleapis.com/blogger/v3/blogs/byurl?url=http://musicinfoguide.blogspot.com.es/&key=AIzaSyAFLa66lVneW-J0eYJ7KosytvTR-wlY_IE

Starting the crawl afresh!
All set to get the posts ...
Getting data from: https://www.googleapis.com/blogger/v3/blogs/3207072992206519076/posts?maxResults=20&key=AIzaSyAFLa66lVneW-J0eYJ7KosytvTR-wlY_IE

Storing the post: Dr. M. Balamuralikrishna
Storing the post: Sri Tyagaraja Aradhana
Storing the post: HISTORY OF CARNATIC MUSIC
Storing the post: G. N. Balasubramaniam (1910-1965) Biography
Storing the post: Jayachamaraja Wodeyar (1919 - 1974) Biography and Works
Storing the post: Papanasam Shivan (1890 - 1973) Biography and Works
Storing the post: Muthaiah Bhagavathar (1877 - 1945) Biography and Works
Storing the post: Koteeswara Iyer (1870 - 1940) Biography and Works
Storing the post: Subramania Bharathi (1882-1921) Biography And Works
Storing the post: Veene Sheshanna (1852-1926) Biography
Storing the post: Pallavi Sesha Iyer (1842 - 1909) Biography and Works
Storing the post: Subbarama Dheekshithar (1839-1906) Biography and Works
Storing the post: Subbaraya Shastry (1803-1862) Biography and Works
Storing the post: Mysore Sadashiva Rao (1800-1870) Biography and Works
Storing the post: Veena Kuppayyar (1798-1860) Biography and Works
Storing the post: ARUNAGIRINATHAR (15th century)
Storing the post: JAYADEVA (1101-1173) Biography and Works
Storing the post: Mysore Vasudevacharya - (1865-1961) Biography and Complete Works
Storing the post: Patnam Subramanya Iyer (1845 -1902) Biography And Complete Works
Storing the post: SWATI TIRUNAL (1813 - 1847) Biography and Complete Works
Storing crawl state. #Posts: 20
Getting data from: https://www.googleapis.com/blogger/v3/blogs/3207072992206519076/posts?maxResults=20&key=AIzaSyAFLa66lVneW-J0eYJ7KosytvTR-wlY_IE
&pageToken=CgkIFBjAsf_SxiIQpPbfqdD888As
Storing the post: SADASIVA BRAHMENDRA (18th century)
Storing the post: BHADRACHALA RAMADAS (1620 - 1688)
Storing the post: Sri Purandara Dasa (1494-1564)
Storing the post: Shyama Shastri (1762-1827) - Biography and Complete Works
Storing the post: MUTHUSWAMI DIKSHITAR (1775 - 1835) - BIOGRAPHY AND COMPLETE WORKS
Storing the post: Origins of Carnatic Music
Storing the post: Tala System for Carnatic Music
Storing the post: Swaras in Carnatic Music
Storing the post: Swaras and Swarasthanas
Storing the post: Raganubhava: Melodic Aspects
Storing the post: SAHITYANUBHAVA: Prosodic Beauty
Storing the post: Ragas: Complete Overview
Storing the post: CARNATIC MUSIC NOTATION SYSTEM
Storing the post: MELAKARTA LIST OF RAGAS
Storing the post: The Melakarta Scheme
Storing the post: Katapayadi sankhya way of determining the number of a melakarta ragam
Storing the post: Aspects of Carnatic music
Storing the post: History Of Carnatic Music
Storing the post: Indian Music
Storing the post: Indian Popular MUSIC
Storing crawl state. #Posts: 40
Getting data from: https://www.googleapis.com/blogger/v3/blogs/3207072992206519076/posts?maxResults=20&key=AIzaSyAFLa66lVneW-J0eYJ7KosytvTR-wlY_IE
&pageToken=CgkIFBjAo-zPxSIQpPbfqdD888As
Storing the post: Carnatic Music
Storing the post: BRIEF HISTORY OF CARNATIC MUSIC
Storing the post: THE CONCERT MUSICIAN
Storing the post: CONCEPT OF 'TALAM'
Storing the post: South Indian Classical (Karnatic) Music
Storing the post: SOUTH INDIAN CLASSICAL (KARNATIC) MUSIC
Storing the post: ANNAMACHARYA (1424 - 1503)
Storing the post: Works Of Saint Thyagaraja
Storing the post: Tyagaraja Swami&#39;s view on Religion and God   
Storing the post: Tyagaraja
Storing the post: Tyagaraja Swami's view on Religion and God
Storing the post: Biography Of Sri Thyagaraja Swami
Storing the post: List of Carnatic Composers
Storing the post: Post Trinity
Storing the post: PRE-TRINITY COMPOSERS
Storing the post: The Trinity Of Carnatic Music
Storing the post: Carnatic music
There are no more posts in this blog.
