This is XeTeX, Version 3.1415926-2.5-0.9999.0 (TeX Live 2013/dev) (format=xelatex 2013.4.16)  7 MAY 2014 02:33
entering extended mode
 \write18 enabled.
 %&-line parsing enabled.
**iswc2014.tex
(./iswc2014.tex
LaTeX2e <2011/06/27>
Babel <v3.8m> and hyphenation patterns for english, dumylang, nohyphenation, lo
aded.
(./llncs.cls
Document Class: llncs 2013/09/27 v2.18 
 LaTeX document class for Lecture Notes in Computer Science
(/usr/share/texlive/texmf-dist/tex/latex/base/article.cls
Document Class: article 2007/10/19 v1.4h Standard LaTeX document class
(/usr/share/texlive/texmf-dist/tex/latex/base/size10.clo
File: size10.clo 2007/10/19 v1.4h Standard LaTeX file (size option)
)
\c@part=\count80
\c@section=\count81
\c@subsection=\count82
\c@subsubsection=\count83
\c@paragraph=\count84
\c@subparagraph=\count85
\c@figure=\count86
\c@table=\count87
\abovecaptionskip=\skip41
\belowcaptionskip=\skip42
\bibindent=\dimen102
)
(/usr/share/texlive/texmf-dist/tex/latex/tools/multicol.sty
Package: multicol 2011/06/27 v1.7a multicolumn formatting (FMi)
\c@tracingmulticols=\count88
\mult@box=\box26
\multicol@leftmargin=\dimen103
\c@unbalance=\count89
\c@collectmore=\count90
\doublecol@number=\count91
\multicoltolerance=\count92
\multicolpretolerance=\count93
\full@width=\dimen104
\page@free=\dimen105
\premulticols=\dimen106
\postmulticols=\dimen107
\multicolsep=\skip43
\multicolbaselineskip=\skip44
\partial@page=\box27
\last@line=\box28
\mult@rightbox=\box29
\mult@grightbox=\box30
\mult@gfirstbox=\box31
\mult@firstbox=\box32
\@tempa=\box33
\@tempa=\box34
\@tempa=\box35
\@tempa=\box36
\@tempa=\box37
\@tempa=\box38
\@tempa=\box39
\@tempa=\box40
\@tempa=\box41
\@tempa=\box42
\@tempa=\box43
\@tempa=\box44
\@tempa=\box45
\@tempa=\box46
\@tempa=\box47
\@tempa=\box48
\@tempa=\box49
\c@columnbadness=\count94
\c@finalcolumnbadness=\count95
\last@try=\dimen108
\multicolovershoot=\dimen109
\multicolundershoot=\dimen110
\mult@nat@firstbox=\box50
\colbreak@box=\box51
\multicol@sort@counter=\count96
) (./aliascnt.sty
Package: aliascnt 2009/09/08 v1.3 Alias counter (HO)

(./remreset.sty))
\c@chapter=\count97
LaTeX Font Info:    Redeclaring math symbol \Gamma on input line 362.
LaTeX Font Info:    Redeclaring math symbol \Delta on input line 363.
LaTeX Font Info:    Redeclaring math symbol \Theta on input line 364.
LaTeX Font Info:    Redeclaring math symbol \Lambda on input line 365.
LaTeX Font Info:    Redeclaring math symbol \Xi on input line 366.
LaTeX Font Info:    Redeclaring math symbol \Pi on input line 367.
LaTeX Font Info:    Redeclaring math symbol \Sigma on input line 368.
LaTeX Font Info:    Redeclaring math symbol \Upsilon on input line 369.
LaTeX Font Info:    Redeclaring math symbol \Phi on input line 370.
LaTeX Font Info:    Redeclaring math symbol \Psi on input line 371.
LaTeX Font Info:    Redeclaring math symbol \Omega on input line 372.
\tocchpnum=\dimen111
\tocsecnum=\dimen112
\tocsectotal=\dimen113
\tocsubsecnum=\dimen114
\tocsubsectotal=\dimen115
\tocsubsubsecnum=\dimen116
\tocsubsubsectotal=\dimen117
\tocparanum=\dimen118
\tocparatotal=\dimen119
\tocsubparanum=\dimen120
\@tempcntc=\count98
\fnindent=\dimen121
\c@@inst=\count99
\c@@auth=\count100
\c@auco=\count101
\instindent=\dimen122
\authrun=\box52
\authorrunning=\toks14
\tocauthor=\toks15
\titrun=\box53
\titlerunning=\toks16
\toctitle=\toks17
\c@theorem=\count102
\c@case=\count103
\c@conjecture=\count104
\c@corollary=\count105
\c@definition=\count106
\c@example=\count107
\c@exercise=\count108
\c@lemma=\count109
\c@note=\count110
\c@problem=\count111
\c@property=\count112
\c@proposition=\count113
\c@question=\count114
\c@solution=\count115
\c@remark=\count116
\headlineindent=\dimen123
)
(/usr/share/texlive/texmf-dist/tex/latex/subfigure/subfigure.sty
Package: subfigure 2002/03/15 v2.1.5 subfigure package
\subfigtopskip=\skip45
\subfigcapskip=\skip46
\subfigcaptopadj=\dimen124
\subfigbottomskip=\skip47
\subfigcapmargin=\dimen125
\subfiglabelskip=\skip48
\c@subfigure=\count117
\c@lofdepth=\count118
\c@subtable=\count119
\c@lotdepth=\count120

****************************************
* Local config file subfigure.cfg used *
****************************************
(/usr/share/texlive/texmf-dist/tex/latex/subfigure/subfigure.cfg)
\subfig@top=\skip49
\subfig@bottom=\skip50
)
(/usr/share/texlive/texmf-dist/tex/latex/graphics/color.sty
Package: color 2005/11/14 v1.0j Standard LaTeX Color (DPC)

(/usr/share/texlive/texmf-dist/tex/latex/latexconfig/color.cfg
File: color.cfg 2007/01/18 v1.5 color configuration of teTeX/TeXLive
)
Package color Info: Driver file: xetex.def on input line 130.

(/usr/share/texlive/texmf-dist/tex/xelatex/xetex-def/xetex.def
File: xetex.def 2013/02/04 v0.95 LaTeX color/graphics driver for XeTeX (RRM/JK)

))
(/usr/share/texlive/texmf-dist/tex/latex/xcolor/xcolor.sty
Package: xcolor 2007/01/21 v2.11 LaTeX color extensions (UK)

(/usr/share/texlive/texmf-dist/tex/latex/latexconfig/color.cfg
File: color.cfg 2007/01/18 v1.5 color configuration of teTeX/TeXLive
)
Package xcolor Info: Package option `usenames' ignored on input line 216.
Package xcolor Info: Driver file: xetex.def on input line 225.
LaTeX Info: Redefining \color on input line 702.
Package xcolor Info: Model `cmy' substituted by `cmy0' on input line 1337.
Package xcolor Info: Model `RGB' extended on input line 1353.
Package xcolor Info: Model `HTML' substituted by `rgb' on input line 1355.
Package xcolor Info: Model `Hsb' substituted by `hsb' on input line 1356.
Package xcolor Info: Model `tHsb' substituted by `hsb' on input line 1357.
Package xcolor Info: Model `HSB' substituted by `hsb' on input line 1358.
Package xcolor Info: Model `Gray' substituted by `gray' on input line 1359.
Package xcolor Info: Model `wave' substituted by `hsb' on input line 1360.

(/usr/share/texlive/texmf-dist/tex/latex/graphics/dvipsnam.def
File: dvipsnam.def 1999/02/16 v3.0i Driver-dependant file (DPC,SPQR)
))
(/usr/share/texlive/texmf-dist/tex/latex/graphics/graphicx.sty
Package: graphicx 1999/02/16 v1.0f Enhanced LaTeX Graphics (DPC,SPQR)

(/usr/share/texlive/texmf-dist/tex/latex/graphics/keyval.sty
Package: keyval 1999/03/16 v1.13 key=value parser (DPC)
\KV@toks@=\toks18
)
(/usr/share/texlive/texmf-dist/tex/latex/graphics/graphics.sty
Package: graphics 2009/02/05 v1.0o Standard LaTeX Graphics (DPC,SPQR)

(/usr/share/texlive/texmf-dist/tex/latex/graphics/trig.sty
Package: trig 1999/03/16 v1.09 sin cos tan (DPC)
)
(/usr/share/texlive/texmf-dist/tex/latex/latexconfig/graphics.cfg
File: graphics.cfg 2010/04/23 v1.9 graphics configuration of TeX Live
)
Package graphics Info: Driver file: xetex.def on input line 91.
)
\Gin@req@height=\dimen126
\Gin@req@width=\dimen127
)
(/usr/share/texlive/texmf-dist/tex/latex/natbib/natbib.sty
Package: natbib 2010/09/13 8.31b (PWD, AO)
\bibhang=\skip51
\bibsep=\skip52
LaTeX Info: Redefining \cite on input line 694.
\c@NAT@ctr=\count121
)
(/usr/share/texlive/texmf-dist/tex/latex/anyfontsize/anyfontsize.sty
Invalid UTF-8 byte or sequence at line 3 replaced by U+FFFD.
Invalid UTF-8 byte or sequence at line 3 replaced by U+FFFD.
Package: anyfontsize 2007/11/22 anyfontsize.sty by pts
)
(/usr/share/texlive/texmf-dist/tex/latex/fontspec/fontspec.sty
Package: fontspec 2013/03/16 v2.3a Font selection for XeLaTeX and LuaLaTeX

(/usr/share/texlive/texmf-dist/tex/latex/l3kernel/expl3.sty
(/usr/share/texlive/texmf-dist/tex/latex/l3kernel/l3names.sty
(/usr/share/texlive/texmf-dist/tex/latex/l3kernel/l3bootstrap.sty
Package: l3bootstrap 2013/01/08 v4420 L3 Experimental bootstrap code
)
Package: l3names 2012/12/07 v4346 L3 Namespace for primitives
)
(/usr/share/texlive/texmf-dist/tex/latex/etex-pkg/etex.sty
Package: etex 1998/03/26 v2.0 eTeX basic definition package (PEB)
\et@xins=\count122
)
Package: expl3 2013/03/14 v4469 L3 Experimental code bundle wrapper

(/usr/share/texlive/texmf-dist/tex/latex/l3kernel/l3basics.sty
Package: l3basics 2013/01/10 v4428 L3 Basic definitions
)
(/usr/share/texlive/texmf-dist/tex/latex/l3kernel/l3expan.sty
Package: l3expan 2013/02/03 v4458 L3 Argument expansion
)
(/usr/share/texlive/texmf-dist/tex/latex/l3kernel/l3tl.sty
Package: l3tl 2013/01/08 v4415 L3 Token lists
)
(/usr/share/texlive/texmf-dist/tex/latex/l3kernel/l3seq.sty
Package: l3seq 2013/01/12 v4434 L3 Sequences and stacks
)
(/usr/share/texlive/texmf-dist/tex/latex/l3kernel/l3int.sty
Package: l3int 2013/01/13 v4444 L3 Integers
\c_max_int=\count123
\l_tmpa_int=\count124
\l_tmpb_int=\count125
\g_tmpa_int=\count126
\g_tmpb_int=\count127
)
(/usr/share/texlive/texmf-dist/tex/latex/l3kernel/l3quark.sty
Package: l3quark 2012/11/04 v4268 L3 Quarks
)
(/usr/share/texlive/texmf-dist/tex/latex/l3kernel/l3prg.sty
Package: l3prg 2013/02/13 v4459 L3 Control structures
\g__prg_map_int=\count128
)
(/usr/share/texlive/texmf-dist/tex/latex/l3kernel/l3clist.sty
Package: l3clist 2013/01/08 v4414 L3 Comma separated lists
)
(/usr/share/texlive/texmf-dist/tex/latex/l3kernel/l3token.sty
Package: l3token 2013/01/10 v4428 L3 Experimental token manipulation
)
(/usr/share/texlive/texmf-dist/tex/latex/l3kernel/l3prop.sty
Package: l3prop 2013/01/09 v4423 L3 Property lists
)
(/usr/share/texlive/texmf-dist/tex/latex/l3kernel/l3msg.sty
Package: l3msg 2013/01/08 v4412 L3 Messages
)
(/usr/share/texlive/texmf-dist/tex/latex/l3kernel/l3file.sty
Package: l3file 2013/01/14 v4446 L3 File and I/O operations
\l_iow_line_count_int=\count129
\l__iow_target_count_int=\count130
\l__iow_current_line_int=\count131
\l__iow_current_word_int=\count132
\l__iow_current_indentation_int=\count133
)
(/usr/share/texlive/texmf-dist/tex/latex/l3kernel/l3skip.sty
Package: l3skip 2013/01/13 v4444 L3 Dimensions and skips
\c_zero_dim=\dimen128
\c_max_dim=\dimen129
\l_tmpa_dim=\dimen130
\l_tmpb_dim=\dimen131
\g_tmpa_dim=\dimen132
\g_tmpb_dim=\dimen133
\c_zero_skip=\skip53
\c_max_skip=\skip54
\l_tmpa_skip=\skip55
\l_tmpb_skip=\skip56
\g_tmpa_skip=\skip57
\g_tmpb_skip=\skip58
\c_zero_muskip=\muskip10
\c_max_muskip=\muskip11
\l_tmpa_muskip=\muskip12
\l_tmpb_muskip=\muskip13
\g_tmpa_muskip=\muskip14
\g_tmpb_muskip=\muskip15
)
(/usr/share/texlive/texmf-dist/tex/latex/l3kernel/l3keys.sty
Package: l3keys 2013/02/24 v4461 L3 Experimental key-value interfaces
\g__keyval_level_int=\count134
\l_keys_choice_int=\count135
)
(/usr/share/texlive/texmf-dist/tex/latex/l3kernel/l3fp.sty
Package: l3fp 2013/01/19 v4449 L3 Floating points
\c__fp_leading_shift_int=\count136
\c__fp_middle_shift_int=\count137
\c__fp_trailing_shift_int=\count138
\c__fp_big_leading_shift_int=\count139
\c__fp_big_middle_shift_int=\count140
\c__fp_big_trailing_shift_int=\count141
\c__fp_Bigg_leading_shift_int=\count142
\c__fp_Bigg_middle_shift_int=\count143
\c__fp_Bigg_trailing_shift_int=\count144
)
(/usr/share/texlive/texmf-dist/tex/latex/l3kernel/l3box.sty
Package: l3box 2013/01/08 v4411 L3 Experimental boxes
\c_empty_box=\box54
\l_tmpa_box=\box55
\l_tmpb_box=\box56
\g_tmpa_box=\box57
\g_tmpb_box=\box58
)
(/usr/share/texlive/texmf-dist/tex/latex/l3kernel/l3coffins.sty
Package: l3coffins 2012/09/09 v4212 L3 Coffin code layer
\l__coffin_internal_box=\box59
\l__coffin_internal_dim=\dimen134
\l__coffin_offset_x_dim=\dimen135
\l__coffin_offset_y_dim=\dimen136
\l__coffin_x_dim=\dimen137
\l__coffin_y_dim=\dimen138
\l__coffin_x_prime_dim=\dimen139
\l__coffin_y_prime_dim=\dimen140
\c_empty_coffin=\box60
\l__coffin_aligned_coffin=\box61
\l__coffin_aligned_internal_coffin=\box62
\l_tmpa_coffin=\box63
\l_tmpb_coffin=\box64
\l__coffin_display_coffin=\box65
\l__coffin_display_coord_coffin=\box66
\l__coffin_display_pole_coffin=\box67
\l__coffin_display_offset_dim=\dimen141
\l__coffin_display_x_dim=\dimen142
\l__coffin_display_y_dim=\dimen143
)
(/usr/share/texlive/texmf-dist/tex/latex/l3kernel/l3color.sty
Package: l3color 2012/08/29 v4156 L3 Experimental color support
)
(/usr/share/texlive/texmf-dist/tex/latex/l3kernel/l3luatex.sty
Package: l3luatex 2012/08/03 v4049 L3 Experimental LuaTeX-specific functions
\g__cctab_allocate_int=\count145
\g__cctab_stack_int=\count146
)
(/usr/share/texlive/texmf-dist/tex/latex/l3kernel/l3candidates.sty
Package: l3candidates 2013/03/14 v4468 L3 Experimental additions to l3kernel
\l__box_top_dim=\dimen144
\l__box_bottom_dim=\dimen145
\l__box_left_dim=\dimen146
\l__box_right_dim=\dimen147
\l__box_top_new_dim=\dimen148
\l__box_bottom_new_dim=\dimen149
\l__box_left_new_dim=\dimen150
\l__box_right_new_dim=\dimen151
\l__box_internal_box=\box68
\l__coffin_bounding_shift_dim=\dimen152
\l__coffin_left_corner_dim=\dimen153
\l__coffin_right_corner_dim=\dimen154
\l__coffin_bottom_corner_dim=\dimen155
\l__coffin_top_corner_dim=\dimen156
\l__coffin_scaled_total_height_dim=\dimen157
\l__coffin_scaled_width_dim=\dimen158
)
(/usr/share/texlive/texmf-dist/tex/generic/oberdiek/ifpdf.sty
Package: ifpdf 2011/01/30 v2.3 Provides the ifpdf switch (HO)
Package ifpdf Info: pdfTeX in PDF mode is not detected.
))
(/usr/share/texlive/texmf-dist/tex/latex/l3packages/xparse/xparse.sty
Package: xparse 2013/03/12 v4467 L3 Experimental document command parser
\l__xparse_current_arg_int=\count147
\l__xparse_m_args_int=\count148
\l__xparse_mandatory_args_int=\count149
\l__xparse_processor_int=\count150
\l__xparse_v_nesting_int=\count151
)
\l_fontspec_script_int=\count152
\l_fontspec_language_int=\count153
\l_fontspec_strnum_int=\count154
\l_fontspec_tmpa_dim=\dimen159
\l_fontspec_tmpb_dim=\dimen160
\l_fontspec_tmpc_dim=\dimen161
Variant \tl_gset:cV already defined; not changing it on line 69

(/usr/share/texlive/texmf-dist/tex/latex/fontspec/fontspec-patches.sty
Package: fontspec-patches 2013/03/16 v2.3a Font selection for XeLaTeX and LuaLa
TeX

(/usr/share/texlive/texmf-dist/tex/latex/base/fixltx2e.sty
Package: fixltx2e 2006/09/13 v1.1m fixes to LaTeX
LaTeX Info: Redefining \em on input line 420.
)
LaTeX Info: Redefining \em on input line 22.
LaTeX Info: Redefining \emph on input line 30.
LaTeX Info: Redefining \- on input line 33.

*************************************************
* LaTeX warning: "xparse/redefine-command"
* 
* Redefining document command \oldstylenums with arg. spec. 'm' on line 128.
*************************************************
.................................................
. LaTeX info: "xparse/define-command"
. 
. Defining document command \liningnums with arg. spec. 'm' on line 132.
.................................................
) (/usr/share/texlive/texmf-dist/tex/latex/fontspec/fontspec-xetex.sty
Package: fontspec-xetex 2013/03/16 v2.3a Font selection for XeLaTeX and LuaLaTe
X

(/usr/share/texlive/texmf-dist/tex/latex/base/fontenc.sty
Package: fontenc 2005/09/27 v1.99g Standard LaTeX package

(/usr/share/texlive/texmf-dist/tex/latex/euenc/eu1enc.def
File: eu1enc.def 2010/05/27 v0.1h Experimental Unicode font encodings
)
LaTeX Font Info:    Try loading font information for EU1+lmr on input line 100.


(/usr/share/texlive/texmf-dist/tex/latex/euenc/eu1lmr.fd
File: eu1lmr.fd 2009/10/30 v1.6 Font defs for Latin Modern
))
(/usr/share/texlive/texmf-dist/tex/xelatex/xunicode/xunicode.sty
File: xunicode.sty 2011/09/09 v0.981 provides access to latin accents and many 
other characters in Unicode lower plane

(/usr/share/texlive/texmf-dist/tex/latex/tipa/t3enc.def
File: t3enc.def 2001/12/31 T3 encoding
LaTeX Font Info:    Try loading font information for EU1+lmss on input line 357
.

(/usr/share/texlive/texmf-dist/tex/latex/euenc/eu1lmss.fd
File: eu1lmss.fd 2009/10/30 v1.6 Font defs for Latin Modern
))
\tipaTiiicode=\count155
\tipasavetokens=\toks19
\tipachecktokens=\toks20
)
.................................................
. LaTeX info: "xparse/define-command"
. 
. Defining document command \fontspec with arg. spec. 'O{}m' on line 41.
.................................................
.................................................
. LaTeX info: "xparse/define-command"
. 
. Defining document command \setmainfont with arg. spec. 'O{}m' on line 46.
.................................................
.................................................
. LaTeX info: "xparse/define-command"
. 
. Defining document command \setsansfont with arg. spec. 'O{}m' on line 51.
.................................................
.................................................
. LaTeX info: "xparse/define-command"
. 
. Defining document command \setmonofont with arg. spec. 'O{}m' on line 56.
.................................................
.................................................
. LaTeX info: "xparse/define-command"
. 
. Defining document command \setmathrm with arg. spec. 'O{}m' on line 65.
.................................................
.................................................
. LaTeX info: "xparse/define-command"
. 
. Defining document command \setboldmathrm with arg. spec. 'O{}m' on line 69.
.................................................
.................................................
. LaTeX info: "xparse/define-command"
. 
. Defining document command \setmathsf with arg. spec. 'O{}m' on line 73.
.................................................
.................................................
. LaTeX info: "xparse/define-command"
. 
. Defining document command \setmathtt with arg. spec. 'O{}m' on line 77.
.................................................
.................................................
. LaTeX info: "xparse/define-command"
. 
. Defining document command \newfontfamily with arg. spec. 'mO{}m' on line 96.
.................................................
.................................................
. LaTeX info: "xparse/define-command"
. 
. Defining document command \newfontface with arg. spec. 'mO{}m' on line 100.
.................................................
.................................................
. LaTeX info: "xparse/define-command"
. 
. Defining document command \defaultfontfeatures with arg. spec. 'om' on line
. 108.
.................................................
.................................................
. LaTeX info: "xparse/define-command"
. 
. Defining document command \addfontfeatures with arg. spec. 'm' on line 144.
.................................................
.................................................
. LaTeX info: "xparse/define-command"
. 
. Defining document command \newfontfeature with arg. spec. 'mm' on line 156.
.................................................
.................................................
. LaTeX info: "xparse/define-command"
. 
. Defining document command \newAATfeature with arg. spec. 'mmmm' on line 164.
.................................................
.................................................
. LaTeX info: "xparse/define-command"
. 
. Defining document command \newICUfeature with arg. spec. 'mmm' on line 172.
.................................................
.................................................
. LaTeX info: "xparse/define-command"
. 
. Defining document command \aliasfontfeature with arg. spec. 'mm' on line
. 201.
.................................................
.................................................
. LaTeX info: "xparse/define-command"
. 
. Defining document command \aliasfontfeatureoption with arg. spec. 'mmm' on
. line 203.
.................................................
.................................................
. LaTeX info: "xparse/define-command"
. 
. Defining document command \newfontscript with arg. spec. 'mm' on line 208.
.................................................
.................................................
. LaTeX info: "xparse/define-command"
. 
. Defining document command \newfontlanguage with arg. spec. 'mm' on line 235.
.................................................
.................................................
. LaTeX info: "xparse/define-command"
. 
. Defining document command \DeclareFontsExtensions with arg. spec. 'm' on
. line 256.
.................................................
Variant \prop_gput:cnV already defined; not changing it on line 582
Variant \prop_gput:cnx already defined; not changing it on line 583
\l_fontspec_tmp_int=\count156
LaTeX Info: Redefining \itshape on input line 2091.
LaTeX Info: Redefining \slshape on input line 2096.
LaTeX Info: Redefining \scshape on input line 2101.
LaTeX Info: Redefining \upshape on input line 2106.

(/usr/share/texlive/texmf-dist/tex/latex/fontspec/fontspec.cfg)))
\g__file_internal_ior=\read1
.................................................
. fontspec info: "no-scripts"
. 
. Font Times New Roman does not contain any OpenType `Script' information.
.................................................
\g_fontspec_family_Times New Roman_int=\count157
.................................................
. fontspec info: "defining-font"
. 
. Font family 'TimesNewRoman(0)' created for font 'Times New Roman' with
. options [].
. 
. This font family consists of the following shapes:
. 
. * 'normal' with NFSS spec.:
. <->"Times New Roman/ICU:"
. 
. * 'bold' with NFSS spec.:
. <->"Times New Roman/B/ICU:"
. 
. * 'italic' with NFSS spec.:
. <->"Times New Roman/I/ICU:"
. 
. * 'bold italic' with NFSS spec.:
. <->"Times New Roman/BI/ICU:"
.................................................

(/usr/share/texlive/texmf-dist/tex/latex/listings/listings.sty
\lst@mode=\count158
\lst@gtempboxa=\box69
\lst@token=\toks21
\lst@length=\count159
\lst@currlwidth=\dimen162
\lst@column=\count160
\lst@pos=\count161
\lst@lostspace=\dimen163
\lst@width=\dimen164
\lst@newlines=\count162
\lst@lineno=\count163
\lst@maxwidth=\dimen165

(/usr/share/texlive/texmf-dist/tex/latex/listings/lstmisc.sty
File: lstmisc.sty 2007/02/22 1.4 (Carsten Heinz)
\c@lstnumber=\count164
\lst@skipnumbers=\count165
\lst@framebox=\box70
)
(/usr/share/texlive/texmf-dist/tex/latex/listings/listings.cfg
File: listings.cfg 2007/02/22 1.4 listings configuration
))
Package: listings 2007/02/22 1.4 (Carsten Heinz)

(./iswc2014.aux)
\openout1 = `iswc2014.aux'.

LaTeX Font Info:    Checking defaults for OML/cmm/m/it on input line 21.
LaTeX Font Info:    ... okay on input line 21.
LaTeX Font Info:    Checking defaults for T1/cmr/m/n on input line 21.
LaTeX Font Info:    ... okay on input line 21.
LaTeX Font Info:    Checking defaults for OT1/cmr/m/n on input line 21.
LaTeX Font Info:    ... okay on input line 21.
LaTeX Font Info:    Checking defaults for OMS/cmsy/m/n on input line 21.
LaTeX Font Info:    ... okay on input line 21.
LaTeX Font Info:    Checking defaults for OMX/cmex/m/n on input line 21.
LaTeX Font Info:    ... okay on input line 21.
LaTeX Font Info:    Checking defaults for U/cmr/m/n on input line 21.
LaTeX Font Info:    ... okay on input line 21.
LaTeX Font Info:    Checking defaults for EU1/lmr/m/n on input line 21.
LaTeX Font Info:    ... okay on input line 21.
LaTeX Font Info:    Checking defaults for T3/cmr/m/n on input line 21.
LaTeX Font Info:    Try loading font information for T3+cmr on input line 21.
 (/usr/share/texlive/texmf-dist/tex/latex/tipa/t3cmr.fd
File: t3cmr.fd 2001/12/31 TIPA font definitions
)
LaTeX Font Info:    ... okay on input line 21.
.................................................
. fontspec info: "setup-math"
. 
. Adjusting the maths setup (use [no-math] to avoid this).
.................................................
\symlegacymaths=\mathgroup4
LaTeX Font Info:    Overwriting symbol font `legacymaths' in version `bold'
(Font)                  OT1/cmr/m/n --> OT1/cmr/bx/n on input line 21.
LaTeX Font Info:    Redeclaring math accent \acute on input line 21.
LaTeX Font Info:    Redeclaring math accent \grave on input line 21.
LaTeX Font Info:    Redeclaring math accent \ddot on input line 21.
LaTeX Font Info:    Redeclaring math accent \tilde on input line 21.
LaTeX Font Info:    Redeclaring math accent \bar on input line 21.
LaTeX Font Info:    Redeclaring math accent \breve on input line 21.
LaTeX Font Info:    Redeclaring math accent \check on input line 21.
LaTeX Font Info:    Redeclaring math accent \hat on input line 21.
LaTeX Font Info:    Redeclaring math accent \dot on input line 21.
LaTeX Font Info:    Redeclaring math accent \mathring on input line 21.
LaTeX Font Info:    Redeclaring math symbol \colon on input line 21.
LaTeX Font Info:    Redeclaring math symbol \Gamma on input line 21.
LaTeX Font Info:    Redeclaring math symbol \Delta on input line 21.
LaTeX Font Info:    Redeclaring math symbol \Theta on input line 21.
LaTeX Font Info:    Redeclaring math symbol \Lambda on input line 21.
LaTeX Font Info:    Redeclaring math symbol \Xi on input line 21.
LaTeX Font Info:    Redeclaring math symbol \Pi on input line 21.
LaTeX Font Info:    Redeclaring math symbol \Sigma on input line 21.
LaTeX Font Info:    Redeclaring math symbol \Upsilon on input line 21.
LaTeX Font Info:    Redeclaring math symbol \Phi on input line 21.
LaTeX Font Info:    Redeclaring math symbol \Psi on input line 21.
LaTeX Font Info:    Redeclaring math symbol \Omega on input line 21.
LaTeX Font Info:    Redeclaring math symbol \mathdollar on input line 21.
LaTeX Font Info:    Redeclaring symbol font `operators' on input line 21.
LaTeX Font Info:    Encoding `OT1' has changed to `EU1' for symbol font
(Font)              `operators' in the math version `normal' on input line 21.
LaTeX Font Info:    Overwriting symbol font `operators' in version `normal'
(Font)                  OT1/cmr/m/n --> EU1/TimesNewRoman(0)/m/n on input line 
21.
LaTeX Font Info:    Encoding `OT1' has changed to `EU1' for symbol font
(Font)              `operators' in the math version `bold' on input line 21.
LaTeX Font Info:    Overwriting symbol font `operators' in version `bold'
(Font)                  OT1/cmr/bx/n --> EU1/TimesNewRoman(0)/m/n on input line
 21.
LaTeX Font Info:    Overwriting symbol font `operators' in version `normal'
(Font)                  EU1/TimesNewRoman(0)/m/n --> EU1/TimesNewRoman(0)/m/n o
n input line 21.
LaTeX Font Info:    Overwriting math alphabet `\mathrm' in version `normal'
(Font)                  EU1/TimesNewRoman(0)/m/n --> EU1/TimesNewRoman(0)/m/n o
n input line 21.
LaTeX Font Info:    Overwriting math alphabet `\mathit' in version `normal'
(Font)                  OT1/cmr/m/it --> EU1/TimesNewRoman(0)/m/it on input lin
e 21.
LaTeX Font Info:    Overwriting math alphabet `\mathbf' in version `normal'
(Font)                  OT1/cmr/bx/n --> EU1/TimesNewRoman(0)/bx/n on input lin
e 21.
LaTeX Font Info:    Overwriting math alphabet `\mathsf' in version `normal'
(Font)                  OT1/cmss/m/n --> EU1/lmss/m/n on input line 21.
LaTeX Font Info:    Overwriting math alphabet `\mathtt' in version `normal'
(Font)                  OT1/cmtt/m/n --> EU1/lmtt/m/n on input line 21.
LaTeX Font Info:    Overwriting symbol font `operators' in version `bold'
(Font)                  EU1/TimesNewRoman(0)/m/n --> EU1/TimesNewRoman(0)/bx/n 
on input line 21.
LaTeX Font Info:    Overwriting math alphabet `\mathrm' in version `bold'
(Font)                  EU1/TimesNewRoman(0)/m/n --> EU1/TimesNewRoman(0)/bx/n 
on input line 21.
LaTeX Font Info:    Overwriting math alphabet `\mathit' in version `bold'
(Font)                  OT1/cmr/bx/it --> EU1/TimesNewRoman(0)/bx/it on input l
ine 21.
LaTeX Font Info:    Overwriting math alphabet `\mathsf' in version `bold'
(Font)                  OT1/cmss/bx/n --> EU1/lmss/bx/n on input line 21.
LaTeX Font Info:    Overwriting math alphabet `\mathtt' in version `bold'
(Font)                  OT1/cmtt/m/n --> EU1/lmtt/bx/n on input line 21.
\c@lstlisting=\count166
LaTeX Font Info:    External font `cmex10' loaded for size
(Font)              <7> on input line 31.
LaTeX Font Info:    External font `cmex10' loaded for size
(Font)              <5> on input line 31.
LaTeX Font Info:    External font `cmex10' loaded for size
(Font)              <9> on input line 31.
LaTeX Font Info:    External font `cmex10' loaded for size
(Font)              <6> on input line 31.
LaTeX Font Info:    Try loading font information for EU1+lmtt on input line 31.


(/usr/share/texlive/texmf-dist/tex/latex/euenc/eu1lmtt.fd
File: eu1lmtt.fd 2009/10/30 v1.6 Font defs for Latin Modern
) [1

]

LaTeX Warning: Command \nobreakspace invalid in math mode on input line 55.


LaTeX Warning: Command \nobreakspace invalid in math mode on input line 55.

File: figures/ccg_sample.pdf Graphic file (type QTm)
<use  "figures/ccg_sample.pdf" > [2] [3] [4] [5]
File: ../data/results/quantitative/carnatic_music/extrations-per-sentence.pdf G
raphic file (type QTm)

<use  "../data/results/quantitative/carnatic_music/extrations-per-sentence.pdf"
 >
File: ../data/results/quantitative/hindustani_music/extrations-per-sentence.pdf
 Graphic file (type QTm)

<use  "../data/results/quantitative/hindustani_music/extrations-per-sentence.pd
f" >
File: ../data/results/quantitative/carnatic_music/extrations-per-argument.pdf G
raphic file (type QTm)

<use  "../data/results/quantitative/carnatic_music/extrations-per-argument.pdf"
 >
File: ../data/results/quantitative/hindustani_music/extrations-per-argument.pdf
 Graphic file (type QTm)

<use  "../data/results/quantitative/hindustani_music/extrations-per-argument.pd
f" >
File: ../data/results/quantitative/carnatic_music/extrations-per-reltype.pdf Gr
aphic file (type QTm)

<use  "../data/results/quantitative/carnatic_music/extrations-per-reltype.pdf" 
>
File: ../data/results/quantitative/hindustani_music/extrations-per-reltype.pdf 
Graphic file (type QTm)

<use  "../data/results/quantitative/hindustani_music/extrations-per-reltype.pdf
" >
File: ../data/results/quantitative/carnatic_music/extrations-per-class.pdf Grap
hic file (type QTm)

<use  "../data/results/quantitative/carnatic_music/extrations-per-class.pdf" >
File: ../data/results/quantitative/hindustani_music/extrations-per-class.pdf Gr
aphic file (type QTm)

<use  "../data/results/quantitative/hindustani_music/extrations-per-class.pdf" 
>
File: ../data/results/qualitative/object-identification/rule-based/carnatic_mus
ic/class-agreement-with-wikipedia.pdf Graphic file (type QTm)

<use  "../data/results/qualitative/object-identification/rule-based/carnatic_mu
sic/class-agreement-with-wikipedia.pdf" >
File: ../data/results/qualitative/object-identification/rule-based/hindustani_m
usic/class-agreement-with-wikipedia.pdf Graphic file (type QTm)

<use  "../data/results/qualitative/object-identification/rule-based/hindustani_
music/class-agreement-with-wikipedia.pdf" >
File: ../data/results/qualitative/object-identification/rule-based/carnatic_mus
ic/class-agreement-inter-method.pdf Graphic file (type QTm)

<use  "../data/results/qualitative/object-identification/rule-based/carnatic_mu
sic/class-agreement-inter-method.pdf" >
File: ../data/results/qualitative/object-identification/rule-based/hindustani_m
usic/class-agreement-inter-method.pdf Graphic file (type QTm)

<use  "../data/results/qualitative/object-identification/rule-based/hindustani_
music/class-agreement-inter-method.pdf" >
File: ../data/results/qualitative/object-identification/bootstrapping/carnatic_
music/carnatic_musicians.pdf Graphic file (type QTm)

<use  "../data/results/qualitative/object-identification/bootstrapping/carnatic
_music/carnatic_musicians.pdf" >
File: ../data/results/qualitative/object-identification/bootstrapping/carnatic_
music/carnatic_composers.pdf Graphic file (type QTm)

<use  "../data/results/qualitative/object-identification/bootstrapping/carnatic
_music/carnatic_composers.pdf" >
File: ../data/results/qualitative/object-identification/bootstrapping/carnatic_
music/carnatic_instrumentalists.pdf Graphic file (type QTm)

<use  "../data/results/qualitative/object-identification/bootstrapping/carnatic
_music/carnatic_instrumentalists.pdf" >
File: ../data/results/qualitative/object-identification/bootstrapping/carnatic_
music/carnatic_singers.pdf Graphic file (type QTm)

<use  "../data/results/qualitative/object-identification/bootstrapping/carnatic
_music/carnatic_singers.pdf" >
File: ../data/results/qualitative/object-identification/bootstrapping/carnatic_
music/carnatic_ragas.pdf Graphic file (type QTm)

<use  "../data/results/qualitative/object-identification/bootstrapping/carnatic
_music/carnatic_ragas.pdf" >
File: ../data/results/qualitative/object-identification/bootstrapping/carnatic_
music/carnatic_compositions.pdf Graphic file (type QTm)

<use  "../data/results/qualitative/object-identification/bootstrapping/carnatic
_music/carnatic_compositions.pdf" >
File: ../data/results/qualitative/object-identification/bootstrapping/hindustan
i_music/hindustani_musicians.pdf Graphic file (type QTm)

<use  "../data/results/qualitative/object-identification/bootstrapping/hindusta
ni_music/hindustani_musicians.pdf" >
File: ../data/results/qualitative/object-identification/bootstrapping/hindustan
i_music/hindustani_composers.pdf Graphic file (type QTm)

<use  "../data/results/qualitative/object-identification/bootstrapping/hindusta
ni_music/hindustani_composers.pdf" >
File: ../data/results/qualitative/object-identification/bootstrapping/hindustan
i_music/hindustani_instrumentalists.pdf Graphic file (type QTm)

<use  "../data/results/qualitative/object-identification/bootstrapping/hindusta
ni_music/hindustani_instrumentalists.pdf" >
File: ../data/results/qualitative/object-identification/bootstrapping/hindustan
i_music/hindustani_singers.pdf Graphic file (type QTm)

<use  "../data/results/qualitative/object-identification/bootstrapping/hindusta
ni_music/hindustani_singers.pdf" >
File: ../data/results/qualitative/object-identification/bootstrapping/hindustan
i_music/hindustani_ragas.pdf Graphic file (type QTm)

<use  "../data/results/qualitative/object-identification/bootstrapping/hindusta
ni_music/hindustani_ragas.pdf" >
No file iswc2014.bbl.
[6] [7] [8] [9] [10] [11] (./iswc2014.aux) ) 
Here is how much of TeX's memory you used:
 16531 strings out of 495707
 347440 string characters out of 3188811
 357699 words of memory out of 3000000
 19501 multiletter control sequences out of 15000+200000
 5623 words of font info for 40 fonts, out of 3000000 for 9000
 14 hyphenation exceptions out of 8191
 37i,7n,35p,1926b,313s stack positions out of 5000i,500n,10000p,200000b,50000s

Output written on iswc2014.pdf (11 pages).
